2017-05-15 09:33:57 [main] INFO  [com.qurich.external.Application] - Starting Application on Asice-PC with PID 7072 (D:\eWorkspaces\qurich\target\classes started by Asice in D:\eWorkspaces\qurich)
2017-05-15 09:33:57 [main] INFO  [com.qurich.external.Application] - No active profile set, falling back to default profiles: default
2017-05-15 09:33:57 [main] INFO  [org.springframework.boot.context.embedded.AnnotationConfigEmbeddedWebApplicationContext] - Refreshing org.springframework.boot.context.embedded.AnnotationConfigEmbeddedWebApplicationContext@1fdffa1: startup date [Mon May 15 09:33:57 CST 2017]; root of context hierarchy
2017-05-15 09:33:57 [background-preinit] INFO  [org.hibernate.validator.internal.util.Version] - HV000001: Hibernate Validator 5.2.4.Final
2017-05-15 09:33:58 [main] INFO  [org.springframework.data.repository.config.RepositoryConfigurationDelegate] - Multiple Spring Data modules found, entering strict repository configuration mode!
2017-05-15 09:33:58 [main] INFO  [org.springframework.context.support.PostProcessorRegistrationDelegate$BeanPostProcessorChecker] - Bean 'org.springframework.transaction.annotation.ProxyTransactionManagementConfiguration' of type [class org.springframework.transaction.annotation.ProxyTransactionManagementConfiguration$$EnhancerBySpringCGLIB$$8bbce7c5] is not eligible for getting processed by all BeanPostProcessors (for example: not eligible for auto-proxying)
2017-05-15 09:33:58 [main] INFO  [org.springframework.boot.context.embedded.tomcat.TomcatEmbeddedServletContainer] - Tomcat initialized with port(s): 80 (http)
2017-05-15 09:33:58 [localhost-startStop-1] INFO  [org.springframework.web.context.ContextLoader] - Root WebApplicationContext: initialization completed in 1444 ms
2017-05-15 09:33:58 [localhost-startStop-1] INFO  [org.springframework.boot.web.servlet.ServletRegistrationBean] - Mapping servlet: 'dispatcherServlet' to [/]
2017-05-15 09:33:58 [localhost-startStop-1] INFO  [org.springframework.boot.web.servlet.FilterRegistrationBean] - Mapping filter: 'characterEncodingFilter' to: [/*]
2017-05-15 09:33:59 [main] INFO  [org.springframework.web.servlet.mvc.method.annotation.RequestMappingHandlerMapping] - Mapped "{[/ || /index],methods=[GET]}" onto public java.lang.String com.qurich.external.controller.IndexController.index(int,javax.servlet.http.HttpServletRequest,javax.servlet.http.HttpServletResponse,org.springframework.ui.Model)
2017-05-15 09:33:59 [main] INFO  [org.springframework.web.servlet.mvc.method.annotation.RequestMappingHandlerMapping] - Mapped "{[/issuance/report],methods=[GET],produces=[application/json;charset=utf-8]}" onto public java.lang.String com.qurich.external.controller.IssuanceController.report(javax.servlet.http.HttpServletRequest,org.springframework.ui.Model)
2017-05-15 09:33:59 [main] INFO  [org.springframework.web.servlet.mvc.method.annotation.RequestMappingHandlerMapping] - Mapped "{[/issuance/notice/{field}/{sort}/{page}],methods=[GET],produces=[application/json;charset=utf-8]}" onto public java.lang.String com.qurich.external.controller.IssuanceController.notice2(java.lang.String,java.lang.String,int,javax.servlet.http.HttpServletRequest,org.springframework.ui.Model)
2017-05-15 09:33:59 [main] INFO  [org.springframework.web.servlet.mvc.method.annotation.RequestMappingHandlerMapping] - Mapped "{[/issuance/report/{field}/{sort}/{page}],methods=[GET],produces=[application/json;charset=utf-8]}" onto public java.lang.String com.qurich.external.controller.IssuanceController.report2(java.lang.String,java.lang.String,int,javax.servlet.http.HttpServletRequest,org.springframework.ui.Model)
2017-05-15 09:33:59 [main] INFO  [org.springframework.web.servlet.mvc.method.annotation.RequestMappingHandlerMapping] - Mapped "{[/issuance/notice],methods=[GET],produces=[application/json;charset=utf-8]}" onto public java.lang.String com.qurich.external.controller.IssuanceController.notice(javax.servlet.http.HttpServletRequest,org.springframework.ui.Model)
2017-05-15 09:33:59 [main] INFO  [org.springframework.web.servlet.mvc.method.annotation.RequestMappingHandlerMapping] - Mapped "{[/lucene/analyze],produces=[application/json;charset=utf-8]}" onto public java.lang.String com.qurich.external.controller.LuceneController.list(java.lang.String,org.springframework.ui.Model)
2017-05-15 09:33:59 [main] INFO  [org.springframework.web.servlet.mvc.method.annotation.RequestMappingHandlerMapping] - Mapped "{[/lucene/indexFiles],methods=[GET],produces=[application/json;charset=utf-8]}" onto public java.lang.String com.qurich.external.controller.LuceneController.watchcount(org.springframework.ui.Model)
2017-05-15 09:33:59 [main] INFO  [org.springframework.web.servlet.mvc.method.annotation.RequestMappingHandlerMapping] - Mapped "{[/message/bull],methods=[GET],produces=[application/json;charset=utf-8]}" onto public java.lang.String com.qurich.external.controller.MessageController.list(int,int,java.lang.String,org.springframework.ui.Model)
2017-05-15 09:33:59 [main] INFO  [org.springframework.web.servlet.mvc.method.annotation.RequestMappingHandlerMapping] - Mapped "{[/message/bull/{page}],methods=[GET],produces=[application/json;charset=utf-8]}" onto public java.lang.String com.qurich.external.controller.MessageController.listPage(int,int,java.lang.String,org.springframework.ui.Model)
2017-05-15 09:33:59 [main] INFO  [org.springframework.web.servlet.mvc.method.annotation.RequestMappingHandlerMapping] - Mapped "{[/message/page/{id}],methods=[GET],produces=[application/json;charset=utf-8]}" onto public java.lang.String com.qurich.external.controller.MessageController.pageOne(int,org.springframework.ui.Model)
2017-05-15 09:33:59 [main] INFO  [org.springframework.web.servlet.mvc.method.annotation.RequestMappingHandlerMapping] - Mapped "{[/s/{stock}],methods=[GET],produces=[application/json;charset=utf-8]}" onto public java.lang.String com.qurich.external.controller.StockController.stockInfo(java.lang.String,javax.servlet.http.HttpServletRequest,org.springframework.ui.Model)
2017-05-15 09:33:59 [main] INFO  [org.springframework.web.servlet.mvc.method.annotation.RequestMappingHandlerMapping] - Mapped "{[/performance/notice/{date}/{field}],methods=[GET],produces=[application/json;charset=utf-8]}" onto public java.lang.String com.qurich.external.controller.StockPerformanceController.noticeList(java.lang.String,java.lang.String,javax.servlet.http.HttpServletRequest,org.springframework.ui.Model)
2017-05-15 09:33:59 [main] INFO  [org.springframework.web.servlet.mvc.method.annotation.RequestMappingHandlerMapping] - Mapped "{[/performance/notice/{date}/{field}/{sort}/{page}],methods=[GET],produces=[application/json;charset=utf-8]}" onto public java.lang.String com.qurich.external.controller.StockPerformanceController.noticeList2(java.lang.String,java.lang.String,java.lang.String,int,javax.servlet.http.HttpServletRequest,org.springframework.ui.Model)
2017-05-15 09:33:59 [main] INFO  [org.springframework.web.servlet.mvc.method.annotation.RequestMappingHandlerMapping] - Mapped "{[/performance/download/notice/{date}],produces=[application/vnd.ms-excel;charset=UTF-8]}" onto public java.lang.String com.qurich.external.controller.StockPerformanceController.noticeDownload(java.lang.String,javax.servlet.http.HttpServletResponse,org.springframework.ui.Model)
2017-05-15 09:33:59 [main] INFO  [org.springframework.web.servlet.mvc.method.annotation.RequestMappingHandlerMapping] - Mapped "{[/performance/report/{date}/{field}],methods=[GET],produces=[application/json;charset=utf-8]}" onto public java.lang.String com.qurich.external.controller.StockPerformanceController.list1(java.lang.String,java.lang.String,javax.servlet.http.HttpServletRequest,org.springframework.ui.Model)
2017-05-15 09:33:59 [main] INFO  [org.springframework.web.servlet.mvc.method.annotation.RequestMappingHandlerMapping] - Mapped "{[/performance/report/{date}/{field}/{sort}/{page}],methods=[GET],produces=[application/json;charset=utf-8]}" onto public java.lang.String com.qurich.external.controller.StockPerformanceController.list2(java.lang.String,java.lang.String,java.lang.String,int,javax.servlet.http.HttpServletRequest,org.springframework.ui.Model)
2017-05-15 09:33:59 [main] INFO  [org.springframework.web.servlet.mvc.method.annotation.RequestMappingHandlerMapping] - Mapped "{[/performance/download/report/{date}],produces=[application/vnd.ms-excel;charset=UTF-8]}" onto public java.lang.String com.qurich.external.controller.StockPerformanceController.download(java.lang.String,javax.servlet.http.HttpServletResponse,org.springframework.ui.Model)
2017-05-15 09:33:59 [main] INFO  [org.springframework.web.servlet.mvc.method.annotation.RequestMappingHandlerMapping] - Mapped "{[/error]}" onto public org.springframework.http.ResponseEntity<java.util.Map<java.lang.String, java.lang.Object>> org.springframework.boot.autoconfigure.web.BasicErrorController.error(javax.servlet.http.HttpServletRequest)
2017-05-15 09:33:59 [main] INFO  [org.springframework.web.servlet.mvc.method.annotation.RequestMappingHandlerMapping] - Mapped "{[/error],produces=[text/html]}" onto public org.springframework.web.servlet.ModelAndView org.springframework.boot.autoconfigure.web.BasicErrorController.errorHtml(javax.servlet.http.HttpServletRequest,javax.servlet.http.HttpServletResponse)
2017-05-15 09:33:59 [main] INFO  [org.springframework.web.servlet.handler.SimpleUrlHandlerMapping] - Mapped URL path [/static/**] onto handler of type [class org.springframework.web.servlet.resource.ResourceHttpRequestHandler]
2017-05-15 09:33:59 [main] INFO  [org.springframework.web.servlet.mvc.method.annotation.RequestMappingHandlerAdapter] - Looking for @ControllerAdvice: org.springframework.boot.context.embedded.AnnotationConfigEmbeddedWebApplicationContext@1fdffa1: startup date [Mon May 15 09:33:57 CST 2017]; root of context hierarchy
2017-05-15 09:33:59 [main] INFO  [org.springframework.web.servlet.view.freemarker.FreeMarkerConfigurer] - ClassTemplateLoader for Spring macros added to FreeMarker configuration
2017-05-15 09:34:00 [main] WARN  [org.springframework.boot.starter.redis.RedisStarterDeprecationWarningAutoConfiguration] - spring-boot-starter-redis is deprecated as of Spring Boot 1.4, please migrate to spring-boot-starter-data-redis
2017-05-15 09:34:00 [main] INFO  [org.springframework.jmx.export.annotation.AnnotationMBeanExporter] - Registering beans for JMX exposure on startup
2017-05-15 09:34:00 [main] INFO  [org.springframework.jmx.export.annotation.AnnotationMBeanExporter] - Bean with name 'dataSource' has been autodetected for JMX exposure
2017-05-15 09:34:00 [main] INFO  [org.springframework.jmx.export.annotation.AnnotationMBeanExporter] - Located MBean 'dataSource': registering with JMX server as MBean [com.alibaba.druid.pool:name=dataSource,type=DruidDataSource]
2017-05-15 09:34:00 [main] INFO  [org.springframework.boot.context.embedded.tomcat.TomcatEmbeddedServletContainer] - Tomcat started on port(s): 80 (http)
2017-05-15 09:34:00 [main] INFO  [com.qurich.external.Application] - Started Application in 3.213 seconds (JVM running for 3.705)
2017-05-15 09:34:24 [http-nio-80-exec-1] INFO  [org.springframework.web.servlet.DispatcherServlet] - FrameworkServlet 'dispatcherServlet': initialization started
2017-05-15 09:34:24 [http-nio-80-exec-1] INFO  [org.springframework.web.servlet.DispatcherServlet] - FrameworkServlet 'dispatcherServlet': initialization completed in 15 ms
2017-05-15 09:34:24 [http-nio-80-exec-1] INFO  [com.alibaba.druid.pool.DruidDataSource] - {dataSource-1} inited
2017-05-15 09:34:25 [http-nio-80-exec-10] WARN  [org.springframework.web.servlet.PageNotFound] - No mapping found for HTTP request with URI [/favicon.ico] in DispatcherServlet with name 'dispatcherServlet'
