2017-05-09 10:31:36 [main] INFO  [com.qurich.external.Application] - Starting Application on Asice-PC with PID 6692 (D:\eWorkspaces\qurich\target\classes started by Asice in D:\eWorkspaces\qurich)
2017-05-09 10:31:36 [main] INFO  [com.qurich.external.Application] - No active profile set, falling back to default profiles: default
2017-05-09 10:31:36 [main] INFO  [org.springframework.boot.context.embedded.AnnotationConfigEmbeddedWebApplicationContext] - Refreshing org.springframework.boot.context.embedded.AnnotationConfigEmbeddedWebApplicationContext@ef9844: startup date [Tue May 09 10:31:36 CST 2017]; root of context hierarchy
2017-05-09 10:31:36 [background-preinit] INFO  [org.hibernate.validator.internal.util.Version] - HV000001: Hibernate Validator 5.2.4.Final
2017-05-09 10:31:37 [main] INFO  [org.springframework.data.repository.config.RepositoryConfigurationDelegate] - Multiple Spring Data modules found, entering strict repository configuration mode!
2017-05-09 10:31:37 [main] INFO  [org.springframework.context.support.PostProcessorRegistrationDelegate$BeanPostProcessorChecker] - Bean 'org.springframework.transaction.annotation.ProxyTransactionManagementConfiguration' of type [class org.springframework.transaction.annotation.ProxyTransactionManagementConfiguration$$EnhancerBySpringCGLIB$$3bd912e8] is not eligible for getting processed by all BeanPostProcessors (for example: not eligible for auto-proxying)
2017-05-09 10:31:38 [main] INFO  [org.springframework.boot.context.embedded.tomcat.TomcatEmbeddedServletContainer] - Tomcat initialized with port(s): 80 (http)
2017-05-09 10:31:38 [localhost-startStop-1] INFO  [org.springframework.web.context.ContextLoader] - Root WebApplicationContext: initialization completed in 1585 ms
2017-05-09 10:31:38 [localhost-startStop-1] INFO  [org.springframework.boot.web.servlet.ServletRegistrationBean] - Mapping servlet: 'dispatcherServlet' to [/]
2017-05-09 10:31:38 [localhost-startStop-1] INFO  [org.springframework.boot.web.servlet.FilterRegistrationBean] - Mapping filter: 'characterEncodingFilter' to: [/*]
2017-05-09 10:31:39 [main] INFO  [org.springframework.web.servlet.mvc.method.annotation.RequestMappingHandlerMapping] - Mapped "{[/ || /index],methods=[GET]}" onto public java.lang.String com.qurich.external.controller.IndexController.index(int,javax.servlet.http.HttpServletRequest,javax.servlet.http.HttpServletResponse,org.springframework.ui.Model)
2017-05-09 10:31:39 [main] INFO  [org.springframework.web.servlet.mvc.method.annotation.RequestMappingHandlerMapping] - Mapped "{[/lucene/analyze],produces=[application/json;charset=utf-8]}" onto public java.lang.String com.qurich.external.controller.LuceneController.list(java.lang.String,org.springframework.ui.Model)
2017-05-09 10:31:39 [main] INFO  [org.springframework.web.servlet.mvc.method.annotation.RequestMappingHandlerMapping] - Mapped "{[/lucene/indexFiles],methods=[GET],produces=[application/json;charset=utf-8]}" onto public java.lang.String com.qurich.external.controller.LuceneController.watchcount(org.springframework.ui.Model)
2017-05-09 10:31:39 [main] INFO  [org.springframework.web.servlet.mvc.method.annotation.RequestMappingHandlerMapping] - Mapped "{[/message/bull],methods=[GET],produces=[application/json;charset=utf-8]}" onto public java.lang.String com.qurich.external.controller.MessageController.list(int,org.springframework.ui.Model)
2017-05-09 10:31:39 [main] INFO  [org.springframework.web.servlet.mvc.method.annotation.RequestMappingHandlerMapping] - Mapped "{[/message/bull/{page}],methods=[GET],produces=[application/json;charset=utf-8]}" onto public java.lang.String com.qurich.external.controller.MessageController.listPage(int,org.springframework.ui.Model)
2017-05-09 10:31:39 [main] INFO  [org.springframework.web.servlet.mvc.method.annotation.RequestMappingHandlerMapping] - Mapped "{[/message/page/{id}],methods=[GET],produces=[application/json;charset=utf-8]}" onto public java.lang.String com.qurich.external.controller.MessageController.pageOne(int,org.springframework.ui.Model)
2017-05-09 10:31:39 [main] INFO  [org.springframework.web.servlet.mvc.method.annotation.RequestMappingHandlerMapping] - Mapped "{[/performance/notice/{date}/{field}],methods=[GET],produces=[application/json;charset=utf-8]}" onto public java.lang.String com.qurich.external.controller.StockPerformanceController.noticeList(java.lang.String,java.lang.String,javax.servlet.http.HttpServletRequest,org.springframework.ui.Model)
2017-05-09 10:31:39 [main] INFO  [org.springframework.web.servlet.mvc.method.annotation.RequestMappingHandlerMapping] - Mapped "{[/performance/notice/{date}/{field}/{sort}/{page}],methods=[GET],produces=[application/json;charset=utf-8]}" onto public java.lang.String com.qurich.external.controller.StockPerformanceController.noticeList2(java.lang.String,java.lang.String,java.lang.String,int,javax.servlet.http.HttpServletRequest,org.springframework.ui.Model)
2017-05-09 10:31:39 [main] INFO  [org.springframework.web.servlet.mvc.method.annotation.RequestMappingHandlerMapping] - Mapped "{[/performance/download/notice/{date}],produces=[application/vnd.ms-excel;charset=UTF-8]}" onto public java.lang.String com.qurich.external.controller.StockPerformanceController.noticeDownload(java.lang.String,javax.servlet.http.HttpServletResponse,org.springframework.ui.Model)
2017-05-09 10:31:39 [main] INFO  [org.springframework.web.servlet.mvc.method.annotation.RequestMappingHandlerMapping] - Mapped "{[/performance/report/{date}/{field}],methods=[GET],produces=[application/json;charset=utf-8]}" onto public java.lang.String com.qurich.external.controller.StockPerformanceController.list1(java.lang.String,java.lang.String,javax.servlet.http.HttpServletRequest,org.springframework.ui.Model)
2017-05-09 10:31:39 [main] INFO  [org.springframework.web.servlet.mvc.method.annotation.RequestMappingHandlerMapping] - Mapped "{[/performance/report/{date}/{field}/{sort}/{page}],methods=[GET],produces=[application/json;charset=utf-8]}" onto public java.lang.String com.qurich.external.controller.StockPerformanceController.list2(java.lang.String,java.lang.String,java.lang.String,int,javax.servlet.http.HttpServletRequest,org.springframework.ui.Model)
2017-05-09 10:31:39 [main] INFO  [org.springframework.web.servlet.mvc.method.annotation.RequestMappingHandlerMapping] - Mapped "{[/performance/download/report/{date}],produces=[application/vnd.ms-excel;charset=UTF-8]}" onto public java.lang.String com.qurich.external.controller.StockPerformanceController.download(java.lang.String,javax.servlet.http.HttpServletResponse,org.springframework.ui.Model)
2017-05-09 10:31:39 [main] INFO  [org.springframework.web.servlet.mvc.method.annotation.RequestMappingHandlerMapping] - Mapped "{[/error]}" onto public org.springframework.http.ResponseEntity<java.util.Map<java.lang.String, java.lang.Object>> org.springframework.boot.autoconfigure.web.BasicErrorController.error(javax.servlet.http.HttpServletRequest)
2017-05-09 10:31:39 [main] INFO  [org.springframework.web.servlet.mvc.method.annotation.RequestMappingHandlerMapping] - Mapped "{[/error],produces=[text/html]}" onto public org.springframework.web.servlet.ModelAndView org.springframework.boot.autoconfigure.web.BasicErrorController.errorHtml(javax.servlet.http.HttpServletRequest,javax.servlet.http.HttpServletResponse)
2017-05-09 10:31:39 [main] INFO  [org.springframework.web.servlet.handler.SimpleUrlHandlerMapping] - Mapped URL path [/static/**] onto handler of type [class org.springframework.web.servlet.resource.ResourceHttpRequestHandler]
2017-05-09 10:31:39 [main] INFO  [org.springframework.web.servlet.mvc.method.annotation.RequestMappingHandlerAdapter] - Looking for @ControllerAdvice: org.springframework.boot.context.embedded.AnnotationConfigEmbeddedWebApplicationContext@ef9844: startup date [Tue May 09 10:31:36 CST 2017]; root of context hierarchy
2017-05-09 10:31:39 [main] INFO  [org.springframework.web.servlet.view.freemarker.FreeMarkerConfigurer] - ClassTemplateLoader for Spring macros added to FreeMarker configuration
2017-05-09 10:31:39 [main] WARN  [org.springframework.boot.starter.redis.RedisStarterDeprecationWarningAutoConfiguration] - spring-boot-starter-redis is deprecated as of Spring Boot 1.4, please migrate to spring-boot-starter-data-redis
2017-05-09 10:31:39 [main] INFO  [org.springframework.jmx.export.annotation.AnnotationMBeanExporter] - Registering beans for JMX exposure on startup
2017-05-09 10:31:39 [main] INFO  [org.springframework.jmx.export.annotation.AnnotationMBeanExporter] - Bean with name 'dataSource' has been autodetected for JMX exposure
2017-05-09 10:31:39 [main] INFO  [org.springframework.jmx.export.annotation.AnnotationMBeanExporter] - Located MBean 'dataSource': registering with JMX server as MBean [com.alibaba.druid.pool:name=dataSource,type=DruidDataSource]
2017-05-09 10:31:39 [main] INFO  [org.springframework.scheduling.annotation.ScheduledAnnotationBeanPostProcessor] - No TaskScheduler/ScheduledExecutorService bean found for scheduled processing
2017-05-09 10:31:39 [main] INFO  [org.springframework.boot.context.embedded.tomcat.TomcatEmbeddedServletContainer] - Tomcat started on port(s): 80 (http)
2017-05-09 10:31:39 [main] INFO  [com.qurich.external.Application] - Started Application in 3.438 seconds (JVM running for 3.904)
2017-05-09 10:31:45 [http-nio-80-exec-1] INFO  [org.springframework.web.servlet.DispatcherServlet] - FrameworkServlet 'dispatcherServlet': initialization started
2017-05-09 10:31:45 [http-nio-80-exec-1] INFO  [org.springframework.web.servlet.DispatcherServlet] - FrameworkServlet 'dispatcherServlet': initialization completed in 13 ms
2017-05-09 10:31:45 [http-nio-80-exec-1] INFO  [com.alibaba.druid.pool.DruidDataSource] - {dataSource-1} inited
2017-05-09 10:31:46 [http-nio-80-exec-9] WARN  [org.springframework.web.servlet.PageNotFound] - No mapping found for HTTP request with URI [/favicon.ico] in DispatcherServlet with name 'dispatcherServlet'
2017-05-09 10:33:12 [main] INFO  [com.qurich.external.Application] - Starting Application on Asice-PC with PID 6748 (D:\eWorkspaces\qurich\target\classes started by Asice in D:\eWorkspaces\qurich)
2017-05-09 10:33:12 [main] INFO  [com.qurich.external.Application] - No active profile set, falling back to default profiles: default
2017-05-09 10:33:12 [main] INFO  [org.springframework.boot.context.embedded.AnnotationConfigEmbeddedWebApplicationContext] - Refreshing org.springframework.boot.context.embedded.AnnotationConfigEmbeddedWebApplicationContext@ef9844: startup date [Tue May 09 10:33:12 CST 2017]; root of context hierarchy
2017-05-09 10:33:12 [background-preinit] INFO  [org.hibernate.validator.internal.util.Version] - HV000001: Hibernate Validator 5.2.4.Final
2017-05-09 10:33:12 [main] INFO  [org.springframework.data.repository.config.RepositoryConfigurationDelegate] - Multiple Spring Data modules found, entering strict repository configuration mode!
2017-05-09 10:33:13 [main] INFO  [org.springframework.context.support.PostProcessorRegistrationDelegate$BeanPostProcessorChecker] - Bean 'org.springframework.transaction.annotation.ProxyTransactionManagementConfiguration' of type [class org.springframework.transaction.annotation.ProxyTransactionManagementConfiguration$$EnhancerBySpringCGLIB$$3bd912e8] is not eligible for getting processed by all BeanPostProcessors (for example: not eligible for auto-proxying)
2017-05-09 10:33:13 [main] INFO  [org.springframework.boot.context.embedded.tomcat.TomcatEmbeddedServletContainer] - Tomcat initialized with port(s): 80 (http)
2017-05-09 10:33:13 [localhost-startStop-1] INFO  [org.springframework.web.context.ContextLoader] - Root WebApplicationContext: initialization completed in 1566 ms
2017-05-09 10:33:13 [localhost-startStop-1] INFO  [org.springframework.boot.web.servlet.ServletRegistrationBean] - Mapping servlet: 'dispatcherServlet' to [/]
2017-05-09 10:33:13 [localhost-startStop-1] INFO  [org.springframework.boot.web.servlet.FilterRegistrationBean] - Mapping filter: 'characterEncodingFilter' to: [/*]
2017-05-09 10:33:14 [main] INFO  [org.springframework.web.servlet.mvc.method.annotation.RequestMappingHandlerMapping] - Mapped "{[/ || /index],methods=[GET]}" onto public java.lang.String com.qurich.external.controller.IndexController.index(int,javax.servlet.http.HttpServletRequest,javax.servlet.http.HttpServletResponse,org.springframework.ui.Model)
2017-05-09 10:33:14 [main] INFO  [org.springframework.web.servlet.mvc.method.annotation.RequestMappingHandlerMapping] - Mapped "{[/lucene/analyze],produces=[application/json;charset=utf-8]}" onto public java.lang.String com.qurich.external.controller.LuceneController.list(java.lang.String,org.springframework.ui.Model)
2017-05-09 10:33:14 [main] INFO  [org.springframework.web.servlet.mvc.method.annotation.RequestMappingHandlerMapping] - Mapped "{[/lucene/indexFiles],methods=[GET],produces=[application/json;charset=utf-8]}" onto public java.lang.String com.qurich.external.controller.LuceneController.watchcount(org.springframework.ui.Model)
2017-05-09 10:33:14 [main] INFO  [org.springframework.web.servlet.mvc.method.annotation.RequestMappingHandlerMapping] - Mapped "{[/message/bull],methods=[GET],produces=[application/json;charset=utf-8]}" onto public java.lang.String com.qurich.external.controller.MessageController.list(int,org.springframework.ui.Model)
2017-05-09 10:33:14 [main] INFO  [org.springframework.web.servlet.mvc.method.annotation.RequestMappingHandlerMapping] - Mapped "{[/message/bull/{page}],methods=[GET],produces=[application/json;charset=utf-8]}" onto public java.lang.String com.qurich.external.controller.MessageController.listPage(int,org.springframework.ui.Model)
2017-05-09 10:33:14 [main] INFO  [org.springframework.web.servlet.mvc.method.annotation.RequestMappingHandlerMapping] - Mapped "{[/message/page/{id}],methods=[GET],produces=[application/json;charset=utf-8]}" onto public java.lang.String com.qurich.external.controller.MessageController.pageOne(int,org.springframework.ui.Model)
2017-05-09 10:33:14 [main] INFO  [org.springframework.web.servlet.mvc.method.annotation.RequestMappingHandlerMapping] - Mapped "{[/performance/notice/{date}/{field}],methods=[GET],produces=[application/json;charset=utf-8]}" onto public java.lang.String com.qurich.external.controller.StockPerformanceController.noticeList(java.lang.String,java.lang.String,javax.servlet.http.HttpServletRequest,org.springframework.ui.Model)
2017-05-09 10:33:14 [main] INFO  [org.springframework.web.servlet.mvc.method.annotation.RequestMappingHandlerMapping] - Mapped "{[/performance/notice/{date}/{field}/{sort}/{page}],methods=[GET],produces=[application/json;charset=utf-8]}" onto public java.lang.String com.qurich.external.controller.StockPerformanceController.noticeList2(java.lang.String,java.lang.String,java.lang.String,int,javax.servlet.http.HttpServletRequest,org.springframework.ui.Model)
2017-05-09 10:33:14 [main] INFO  [org.springframework.web.servlet.mvc.method.annotation.RequestMappingHandlerMapping] - Mapped "{[/performance/download/notice/{date}],produces=[application/vnd.ms-excel;charset=UTF-8]}" onto public java.lang.String com.qurich.external.controller.StockPerformanceController.noticeDownload(java.lang.String,javax.servlet.http.HttpServletResponse,org.springframework.ui.Model)
2017-05-09 10:33:14 [main] INFO  [org.springframework.web.servlet.mvc.method.annotation.RequestMappingHandlerMapping] - Mapped "{[/performance/report/{date}/{field}],methods=[GET],produces=[application/json;charset=utf-8]}" onto public java.lang.String com.qurich.external.controller.StockPerformanceController.list1(java.lang.String,java.lang.String,javax.servlet.http.HttpServletRequest,org.springframework.ui.Model)
2017-05-09 10:33:14 [main] INFO  [org.springframework.web.servlet.mvc.method.annotation.RequestMappingHandlerMapping] - Mapped "{[/performance/report/{date}/{field}/{sort}/{page}],methods=[GET],produces=[application/json;charset=utf-8]}" onto public java.lang.String com.qurich.external.controller.StockPerformanceController.list2(java.lang.String,java.lang.String,java.lang.String,int,javax.servlet.http.HttpServletRequest,org.springframework.ui.Model)
2017-05-09 10:33:14 [main] INFO  [org.springframework.web.servlet.mvc.method.annotation.RequestMappingHandlerMapping] - Mapped "{[/performance/download/report/{date}],produces=[application/vnd.ms-excel;charset=UTF-8]}" onto public java.lang.String com.qurich.external.controller.StockPerformanceController.download(java.lang.String,javax.servlet.http.HttpServletResponse,org.springframework.ui.Model)
2017-05-09 10:33:14 [main] INFO  [org.springframework.web.servlet.mvc.method.annotation.RequestMappingHandlerMapping] - Mapped "{[/error]}" onto public org.springframework.http.ResponseEntity<java.util.Map<java.lang.String, java.lang.Object>> org.springframework.boot.autoconfigure.web.BasicErrorController.error(javax.servlet.http.HttpServletRequest)
2017-05-09 10:33:14 [main] INFO  [org.springframework.web.servlet.mvc.method.annotation.RequestMappingHandlerMapping] - Mapped "{[/error],produces=[text/html]}" onto public org.springframework.web.servlet.ModelAndView org.springframework.boot.autoconfigure.web.BasicErrorController.errorHtml(javax.servlet.http.HttpServletRequest,javax.servlet.http.HttpServletResponse)
2017-05-09 10:33:14 [main] INFO  [org.springframework.web.servlet.handler.SimpleUrlHandlerMapping] - Mapped URL path [/static/**] onto handler of type [class org.springframework.web.servlet.resource.ResourceHttpRequestHandler]
2017-05-09 10:33:14 [main] INFO  [org.springframework.web.servlet.mvc.method.annotation.RequestMappingHandlerAdapter] - Looking for @ControllerAdvice: org.springframework.boot.context.embedded.AnnotationConfigEmbeddedWebApplicationContext@ef9844: startup date [Tue May 09 10:33:12 CST 2017]; root of context hierarchy
2017-05-09 10:33:14 [main] INFO  [org.springframework.web.servlet.view.freemarker.FreeMarkerConfigurer] - ClassTemplateLoader for Spring macros added to FreeMarker configuration
2017-05-09 10:33:15 [main] WARN  [org.springframework.boot.starter.redis.RedisStarterDeprecationWarningAutoConfiguration] - spring-boot-starter-redis is deprecated as of Spring Boot 1.4, please migrate to spring-boot-starter-data-redis
2017-05-09 10:33:15 [main] INFO  [org.springframework.jmx.export.annotation.AnnotationMBeanExporter] - Registering beans for JMX exposure on startup
2017-05-09 10:33:15 [main] INFO  [org.springframework.jmx.export.annotation.AnnotationMBeanExporter] - Bean with name 'dataSource' has been autodetected for JMX exposure
2017-05-09 10:33:15 [main] INFO  [org.springframework.jmx.export.annotation.AnnotationMBeanExporter] - Located MBean 'dataSource': registering with JMX server as MBean [com.alibaba.druid.pool:name=dataSource,type=DruidDataSource]
2017-05-09 10:33:15 [main] INFO  [org.springframework.scheduling.annotation.ScheduledAnnotationBeanPostProcessor] - No TaskScheduler/ScheduledExecutorService bean found for scheduled processing
2017-05-09 10:33:15 [main] INFO  [org.springframework.boot.context.embedded.tomcat.TomcatEmbeddedServletContainer] - Tomcat started on port(s): 80 (http)
2017-05-09 10:33:15 [main] INFO  [com.qurich.external.Application] - Started Application in 3.367 seconds (JVM running for 3.828)
2017-05-09 10:33:19 [http-nio-80-exec-1] INFO  [org.springframework.web.servlet.DispatcherServlet] - FrameworkServlet 'dispatcherServlet': initialization started
2017-05-09 10:33:19 [http-nio-80-exec-1] INFO  [org.springframework.web.servlet.DispatcherServlet] - FrameworkServlet 'dispatcherServlet': initialization completed in 18 ms
2017-05-09 10:33:19 [http-nio-80-exec-1] INFO  [com.alibaba.druid.pool.DruidDataSource] - {dataSource-1} inited
2017-05-09 10:35:00 [pool-1-thread-1] INFO  [org.springframework.scheduling.annotation.AnnotationAsyncExecutionInterceptor] - No TaskExecutor bean found for async processing
2017-05-09 10:35:00 [SimpleAsyncTaskExecutor-1] ERROR [java.lang.Class] - 索引失败org.apache.lucene.index.IndexNotFoundException: no segments* file found in SimpleFSDirectory@D:\home\lucene lockFactory=org.apache.lucene.store.NativeFSLockFactory@12248a5: files: []
2017-05-09 10:35:00 [SimpleAsyncTaskExecutor-1] ERROR [java.lang.Class] - 索引失败org.apache.lucene.index.IndexNotFoundException: no segments* file found in SimpleFSDirectory@D:\home\lucene lockFactory=org.apache.lucene.store.NativeFSLockFactory@12248a5: files: []
2017-05-09 10:35:00 [SimpleAsyncTaskExecutor-1] ERROR [java.lang.Class] - 索引失败org.apache.lucene.index.IndexNotFoundException: no segments* file found in SimpleFSDirectory@D:\home\lucene lockFactory=org.apache.lucene.store.NativeFSLockFactory@12248a5: files: []
2017-05-09 10:35:00 [SimpleAsyncTaskExecutor-1] ERROR [java.lang.Class] - 索引失败org.apache.lucene.index.IndexNotFoundException: no segments* file found in SimpleFSDirectory@D:\home\lucene lockFactory=org.apache.lucene.store.NativeFSLockFactory@12248a5: files: []
2017-05-09 10:35:00 [SimpleAsyncTaskExecutor-1] ERROR [java.lang.Class] - 索引失败org.apache.lucene.index.IndexNotFoundException: no segments* file found in SimpleFSDirectory@D:\home\lucene lockFactory=org.apache.lucene.store.NativeFSLockFactory@12248a5: files: []
2017-05-09 10:35:00 [SimpleAsyncTaskExecutor-1] ERROR [java.lang.Class] - 索引失败org.apache.lucene.index.IndexNotFoundException: no segments* file found in SimpleFSDirectory@D:\home\lucene lockFactory=org.apache.lucene.store.NativeFSLockFactory@12248a5: files: []
2017-05-09 10:35:00 [SimpleAsyncTaskExecutor-1] ERROR [java.lang.Class] - 索引失败org.apache.lucene.index.IndexNotFoundException: no segments* file found in SimpleFSDirectory@D:\home\lucene lockFactory=org.apache.lucene.store.NativeFSLockFactory@12248a5: files: []
2017-05-09 10:35:00 [SimpleAsyncTaskExecutor-1] ERROR [java.lang.Class] - 索引失败org.apache.lucene.index.IndexNotFoundException: no segments* file found in SimpleFSDirectory@D:\home\lucene lockFactory=org.apache.lucene.store.NativeFSLockFactory@12248a5: files: []
2017-05-09 10:35:00 [SimpleAsyncTaskExecutor-1] ERROR [java.lang.Class] - 索引失败org.apache.lucene.index.IndexNotFoundException: no segments* file found in SimpleFSDirectory@D:\home\lucene lockFactory=org.apache.lucene.store.NativeFSLockFactory@12248a5: files: []
2017-05-09 10:35:00 [SimpleAsyncTaskExecutor-1] ERROR [java.lang.Class] - 索引失败org.apache.lucene.index.IndexNotFoundException: no segments* file found in SimpleFSDirectory@D:\home\lucene lockFactory=org.apache.lucene.store.NativeFSLockFactory@12248a5: files: []
2017-05-09 10:35:00 [SimpleAsyncTaskExecutor-1] ERROR [java.lang.Class] - 索引失败org.apache.lucene.index.IndexNotFoundException: no segments* file found in SimpleFSDirectory@D:\home\lucene lockFactory=org.apache.lucene.store.NativeFSLockFactory@12248a5: files: []
2017-05-09 10:35:00 [SimpleAsyncTaskExecutor-1] ERROR [java.lang.Class] - 索引失败org.apache.lucene.index.IndexNotFoundException: no segments* file found in SimpleFSDirectory@D:\home\lucene lockFactory=org.apache.lucene.store.NativeFSLockFactory@12248a5: files: []
2017-05-09 10:35:01 [SimpleAsyncTaskExecutor-1] ERROR [java.lang.Class] - 索引失败org.apache.lucene.index.IndexNotFoundException: no segments* file found in SimpleFSDirectory@D:\home\lucene lockFactory=org.apache.lucene.store.NativeFSLockFactory@12248a5: files: []
2017-05-09 10:35:01 [SimpleAsyncTaskExecutor-1] ERROR [java.lang.Class] - 索引失败org.apache.lucene.index.IndexNotFoundException: no segments* file found in SimpleFSDirectory@D:\home\lucene lockFactory=org.apache.lucene.store.NativeFSLockFactory@12248a5: files: []
2017-05-09 10:35:01 [SimpleAsyncTaskExecutor-1] ERROR [java.lang.Class] - 索引失败org.apache.lucene.index.IndexNotFoundException: no segments* file found in SimpleFSDirectory@D:\home\lucene lockFactory=org.apache.lucene.store.NativeFSLockFactory@12248a5: files: []
2017-05-09 10:35:02 [SimpleAsyncTaskExecutor-1] ERROR [java.lang.Class] - 索引失败org.apache.lucene.index.IndexNotFoundException: no segments* file found in SimpleFSDirectory@D:\home\lucene lockFactory=org.apache.lucene.store.NativeFSLockFactory@12248a5: files: []
2017-05-09 10:35:02 [SimpleAsyncTaskExecutor-1] ERROR [java.lang.Class] - 索引失败org.apache.lucene.index.IndexNotFoundException: no segments* file found in SimpleFSDirectory@D:\home\lucene lockFactory=org.apache.lucene.store.NativeFSLockFactory@12248a5: files: []
2017-05-09 10:35:02 [SimpleAsyncTaskExecutor-1] ERROR [java.lang.Class] - 索引失败org.apache.lucene.index.IndexNotFoundException: no segments* file found in SimpleFSDirectory@D:\home\lucene lockFactory=org.apache.lucene.store.NativeFSLockFactory@12248a5: files: []
2017-05-09 10:35:02 [SimpleAsyncTaskExecutor-1] ERROR [java.lang.Class] - 索引失败org.apache.lucene.index.IndexNotFoundException: no segments* file found in SimpleFSDirectory@D:\home\lucene lockFactory=org.apache.lucene.store.NativeFSLockFactory@12248a5: files: []
2017-05-09 10:35:02 [SimpleAsyncTaskExecutor-1] ERROR [java.lang.Class] - 索引失败org.apache.lucene.index.IndexNotFoundException: no segments* file found in SimpleFSDirectory@D:\home\lucene lockFactory=org.apache.lucene.store.NativeFSLockFactory@12248a5: files: []
2017-05-09 10:35:03 [SimpleAsyncTaskExecutor-1] ERROR [java.lang.Class] - 索引失败org.apache.lucene.index.IndexNotFoundException: no segments* file found in SimpleFSDirectory@D:\home\lucene lockFactory=org.apache.lucene.store.NativeFSLockFactory@12248a5: files: []
2017-05-09 10:35:03 [SimpleAsyncTaskExecutor-1] ERROR [java.lang.Class] - 索引失败org.apache.lucene.index.IndexNotFoundException: no segments* file found in SimpleFSDirectory@D:\home\lucene lockFactory=org.apache.lucene.store.NativeFSLockFactory@12248a5: files: []
